{"C:\\Users\\Stephen\\Desktop\\JavaScript-Capstone\\JavaScript-Group-Capstone\\src\\commentsUrl.js": {"path":"C:\\Users\\Stephen\\Desktop\\JavaScript-Capstone\\JavaScript-Group-Capstone\\src\\commentsUrl.js","statementMap":{"0":{"start":{"line":3,"column":6},"end":{"line":3,"column":109}},"1":{"start":{"line":5,"column":23},"end":{"line":10,"column":3}},"2":{"start":{"line":6,"column":21},"end":{"line":6,"column":69}},"3":{"start":{"line":8,"column":17},"end":{"line":8,"column":38}},"4":{"start":{"line":9,"column":4},"end":{"line":9,"column":16}},"5":{"start":{"line":12,"column":25},"end":{"line":27,"column":5}},"6":{"start":{"line":13,"column":23},"end":{"line":23,"column":8}},"7":{"start":{"line":25,"column":19},"end":{"line":25,"column":40}},"8":{"start":{"line":26,"column":6},"end":{"line":26,"column":18}},"9":{"start":{"line":29,"column":27},"end":{"line":35,"column":3}},"10":{"start":{"line":30,"column":16},"end":{"line":30,"column":17}},"11":{"start":{"line":31,"column":4},"end":{"line":33,"column":5}},"12":{"start":{"line":31,"column":17},"end":{"line":31,"column":18}},"13":{"start":{"line":32,"column":6},"end":{"line":32,"column":17}},"14":{"start":{"line":34,"column":4},"end":{"line":34,"column":17}}},"fnMap":{"0":{"name":"(anonymous_0)","decl":{"start":{"line":5,"column":23},"end":{"line":5,"column":24}},"loc":{"start":{"line":5,"column":37},"end":{"line":10,"column":3}},"line":5},"1":{"name":"(anonymous_1)","decl":{"start":{"line":12,"column":25},"end":{"line":12,"column":26}},"loc":{"start":{"line":12,"column":58},"end":{"line":27,"column":5}},"line":12},"2":{"name":"(anonymous_2)","decl":{"start":{"line":29,"column":27},"end":{"line":29,"column":28}},"loc":{"start":{"line":29,"column":37},"end":{"line":35,"column":3}},"line":29}},"branchMap":{},"s":{"0":2,"1":2,"2":0,"3":0,"4":0,"5":2,"6":0,"7":0,"8":0,"9":2,"10":1,"11":1,"12":1,"13":3,"14":1},"f":{"0":0,"1":0,"2":1},"b":{},"_coverageSchema":"1a1c01bbd47fc00a2c39e90264f33305004495a9","hash":"7a063b2c0f9753e1953799a7d97c020dd872c078"}
,"C:\\Users\\Stephen\\Desktop\\JavaScript-Capstone\\JavaScript-Group-Capstone\\src\\displayUrl.js": {"path":"C:\\Users\\Stephen\\Desktop\\JavaScript-Capstone\\JavaScript-Group-Capstone\\src\\displayUrl.js","statementMap":{"0":{"start":{"line":8,"column":15},"end":{"line":8,"column":64}},"1":{"start":{"line":10,"column":22},"end":{"line":19,"column":3}},"2":{"start":{"line":11,"column":21},"end":{"line":11,"column":60}},"3":{"start":{"line":12,"column":4},"end":{"line":18,"column":7}},"4":{"start":{"line":13,"column":6},"end":{"line":17,"column":9}},"5":{"start":{"line":14,"column":8},"end":{"line":16,"column":11}},"6":{"start":{"line":15,"column":10},"end":{"line":15,"column":26}},"7":{"start":{"line":21,"column":20},"end":{"line":30,"column":3}},"8":{"start":{"line":22,"column":4},"end":{"line":29,"column":7}},"9":{"start":{"line":23,"column":6},"end":{"line":28,"column":9}},"10":{"start":{"line":24,"column":24},"end":{"line":24,"column":66}},"11":{"start":{"line":25,"column":8},"end":{"line":27,"column":9}},"12":{"start":{"line":26,"column":10},"end":{"line":26,"column":71}},"13":{"start":{"line":32,"column":25},"end":{"line":45,"column":3}},"14":{"start":{"line":33,"column":21},"end":{"line":33,"column":42}},"15":{"start":{"line":34,"column":17},"end":{"line":34,"column":38}},"16":{"start":{"line":35,"column":16},"end":{"line":35,"column":17}},"17":{"start":{"line":36,"column":4},"end":{"line":42,"column":7}},"18":{"start":{"line":37,"column":6},"end":{"line":39,"column":7}},"19":{"start":{"line":38,"column":8},"end":{"line":38,"column":19}},"20":{"start":{"line":40,"column":20},"end":{"line":40,"column":52}},"21":{"start":{"line":41,"column":6},"end":{"line":41,"column":68}},"22":{"start":{"line":41,"column":17},"end":{"line":41,"column":68}},"23":{"start":{"line":44,"column":4},"end":{"line":44,"column":17}},"24":{"start":{"line":47,"column":26},"end":{"line":63,"column":3}},"25":{"start":{"line":48,"column":21},"end":{"line":48,"column":57}},"26":{"start":{"line":49,"column":20},"end":{"line":49,"column":54}},"27":{"start":{"line":50,"column":22},"end":{"line":50,"column":60}},"28":{"start":{"line":51,"column":4},"end":{"line":62,"column":7}},"29":{"start":{"line":52,"column":6},"end":{"line":52,"column":25}},"30":{"start":{"line":54,"column":6},"end":{"line":61,"column":11}},"31":{"start":{"line":56,"column":10},"end":{"line":60,"column":11}},"32":{"start":{"line":57,"column":12},"end":{"line":57,"column":34}},"33":{"start":{"line":58,"column":12},"end":{"line":58,"column":32}},"34":{"start":{"line":59,"column":12},"end":{"line":59,"column":31}},"35":{"start":{"line":65,"column":24},"end":{"line":78,"column":3}},"36":{"start":{"line":66,"column":4},"end":{"line":77,"column":7}},"37":{"start":{"line":67,"column":22},"end":{"line":67,"column":65}},"38":{"start":{"line":68,"column":20},"end":{"line":68,"column":60}},"39":{"start":{"line":69,"column":6},"end":{"line":69,"column":76}},"40":{"start":{"line":70,"column":6},"end":{"line":70,"column":29}},"41":{"start":{"line":71,"column":6},"end":{"line":76,"column":9}},"42":{"start":{"line":72,"column":28},"end":{"line":72,"column":56}},"43":{"start":{"line":74,"column":8},"end":{"line":74,"column":93}},"44":{"start":{"line":75,"column":8},"end":{"line":75,"column":41}},"45":{"start":{"line":80,"column":25},"end":{"line":169,"column":3}},"46":{"start":{"line":81,"column":21},"end":{"line":81,"column":42}},"47":{"start":{"line":82,"column":17},"end":{"line":82,"column":38}},"48":{"start":{"line":83,"column":27},"end":{"line":83,"column":69}},"49":{"start":{"line":85,"column":4},"end":{"line":100,"column":7}},"50":{"start":{"line":86,"column":6},"end":{"line":99,"column":7}},"51":{"start":{"line":87,"column":20},"end":{"line":87,"column":49}},"52":{"start":{"line":88,"column":8},"end":{"line":88,"column":40}},"53":{"start":{"line":89,"column":8},"end":{"line":97,"column":69}},"54":{"start":{"line":98,"column":8},"end":{"line":98,"column":40}},"55":{"start":{"line":101,"column":4},"end":{"line":101,"column":22}},"56":{"start":{"line":102,"column":4},"end":{"line":102,"column":20}},"57":{"start":{"line":104,"column":23},"end":{"line":104,"column":59}},"58":{"start":{"line":106,"column":4},"end":{"line":168,"column":7}},"59":{"start":{"line":107,"column":6},"end":{"line":167,"column":9}},"60":{"start":{"line":108,"column":19},"end":{"line":108,"column":50}},"61":{"start":{"line":109,"column":22},"end":{"line":111,"column":17}},"62":{"start":{"line":110,"column":20},"end":{"line":110,"column":53}},"63":{"start":{"line":112,"column":29},"end":{"line":156,"column":13}},"64":{"start":{"line":157,"column":8},"end":{"line":157,"column":68}},"65":{"start":{"line":159,"column":25},"end":{"line":159,"column":63}},"66":{"start":{"line":160,"column":8},"end":{"line":164,"column":11}},"67":{"start":{"line":161,"column":10},"end":{"line":163,"column":13}},"68":{"start":{"line":162,"column":12},"end":{"line":162,"column":62}},"69":{"start":{"line":165,"column":8},"end":{"line":165,"column":37}},"70":{"start":{"line":166,"column":8},"end":{"line":166,"column":39}}},"fnMap":{"0":{"name":"(anonymous_0)","decl":{"start":{"line":10,"column":22},"end":{"line":10,"column":23}},"loc":{"start":{"line":10,"column":28},"end":{"line":19,"column":3}},"line":10},"1":{"name":"(anonymous_1)","decl":{"start":{"line":12,"column":21},"end":{"line":12,"column":22}},"loc":{"start":{"line":12,"column":34},"end":{"line":18,"column":5}},"line":12},"2":{"name":"(anonymous_2)","decl":{"start":{"line":13,"column":40},"end":{"line":13,"column":41}},"loc":{"start":{"line":13,"column":46},"end":{"line":17,"column":7}},"line":13},"3":{"name":"(anonymous_3)","decl":{"start":{"line":14,"column":57},"end":{"line":14,"column":58}},"loc":{"start":{"line":14,"column":63},"end":{"line":16,"column":9}},"line":14},"4":{"name":"(anonymous_4)","decl":{"start":{"line":21,"column":20},"end":{"line":21,"column":21}},"loc":{"start":{"line":21,"column":26},"end":{"line":30,"column":3}},"line":21},"5":{"name":"(anonymous_5)","decl":{"start":{"line":22,"column":29},"end":{"line":22,"column":30}},"loc":{"start":{"line":22,"column":39},"end":{"line":29,"column":5}},"line":22},"6":{"name":"(anonymous_6)","decl":{"start":{"line":23,"column":19},"end":{"line":23,"column":20}},"loc":{"start":{"line":23,"column":29},"end":{"line":28,"column":7}},"line":23},"7":{"name":"(anonymous_7)","decl":{"start":{"line":32,"column":25},"end":{"line":32,"column":26}},"loc":{"start":{"line":32,"column":37},"end":{"line":45,"column":3}},"line":32},"8":{"name":"(anonymous_8)","decl":{"start":{"line":36,"column":17},"end":{"line":36,"column":18}},"loc":{"start":{"line":36,"column":27},"end":{"line":42,"column":5}},"line":36},"9":{"name":"(anonymous_9)","decl":{"start":{"line":47,"column":26},"end":{"line":47,"column":27}},"loc":{"start":{"line":47,"column":34},"end":{"line":63,"column":3}},"line":47},"10":{"name":"(anonymous_10)","decl":{"start":{"line":51,"column":40},"end":{"line":51,"column":41}},"loc":{"start":{"line":51,"column":47},"end":{"line":62,"column":5}},"line":51},"11":{"name":"(anonymous_11)","decl":{"start":{"line":55,"column":14},"end":{"line":55,"column":15}},"loc":{"start":{"line":55,"column":24},"end":{"line":61,"column":9}},"line":55},"12":{"name":"(anonymous_12)","decl":{"start":{"line":65,"column":24},"end":{"line":65,"column":25}},"loc":{"start":{"line":65,"column":32},"end":{"line":78,"column":3}},"line":65},"13":{"name":"(anonymous_13)","decl":{"start":{"line":66,"column":37},"end":{"line":66,"column":38}},"loc":{"start":{"line":66,"column":47},"end":{"line":77,"column":5}},"line":66},"14":{"name":"(anonymous_14)","decl":{"start":{"line":71,"column":19},"end":{"line":71,"column":20}},"loc":{"start":{"line":71,"column":29},"end":{"line":76,"column":7}},"line":71},"15":{"name":"(anonymous_15)","decl":{"start":{"line":80,"column":25},"end":{"line":80,"column":26}},"loc":{"start":{"line":80,"column":37},"end":{"line":169,"column":3}},"line":80},"16":{"name":"(anonymous_16)","decl":{"start":{"line":85,"column":17},"end":{"line":85,"column":18}},"loc":{"start":{"line":85,"column":27},"end":{"line":100,"column":5}},"line":85},"17":{"name":"(anonymous_17)","decl":{"start":{"line":106,"column":23},"end":{"line":106,"column":24}},"loc":{"start":{"line":106,"column":35},"end":{"line":168,"column":5}},"line":106},"18":{"name":"(anonymous_18)","decl":{"start":{"line":107,"column":39},"end":{"line":107,"column":40}},"loc":{"start":{"line":107,"column":50},"end":{"line":167,"column":7}},"line":107},"19":{"name":"(anonymous_19)","decl":{"start":{"line":110,"column":10},"end":{"line":110,"column":11}},"loc":{"start":{"line":110,"column":20},"end":{"line":110,"column":53}},"line":110},"20":{"name":"(anonymous_20)","decl":{"start":{"line":160,"column":25},"end":{"line":160,"column":26}},"loc":{"start":{"line":160,"column":35},"end":{"line":164,"column":9}},"line":160},"21":{"name":"(anonymous_21)","decl":{"start":{"line":161,"column":41},"end":{"line":161,"column":42}},"loc":{"start":{"line":161,"column":47},"end":{"line":163,"column":11}},"line":161}},"branchMap":{"0":{"loc":{"start":{"line":25,"column":8},"end":{"line":27,"column":9}},"type":"if","locations":[{"start":{"line":25,"column":8},"end":{"line":27,"column":9}},{"start":{},"end":{}}],"line":25},"1":{"loc":{"start":{"line":37,"column":6},"end":{"line":39,"column":7}},"type":"if","locations":[{"start":{"line":37,"column":6},"end":{"line":39,"column":7}},{"start":{},"end":{}}],"line":37},"2":{"loc":{"start":{"line":41,"column":6},"end":{"line":41,"column":68}},"type":"if","locations":[{"start":{"line":41,"column":6},"end":{"line":41,"column":68}},{"start":{},"end":{}}],"line":41},"3":{"loc":{"start":{"line":56,"column":10},"end":{"line":60,"column":11}},"type":"if","locations":[{"start":{"line":56,"column":10},"end":{"line":60,"column":11}},{"start":{},"end":{}}],"line":56},"4":{"loc":{"start":{"line":86,"column":6},"end":{"line":99,"column":7}},"type":"if","locations":[{"start":{"line":86,"column":6},"end":{"line":99,"column":7}},{"start":{},"end":{}}],"line":86},"5":{"loc":{"start":{"line":129,"column":18},"end":{"line":129,"column":59}},"type":"binary-expr","locations":[{"start":{"line":129,"column":18},"end":{"line":129,"column":41}},{"start":{"line":129,"column":45},"end":{"line":129,"column":59}}],"line":129},"6":{"loc":{"start":{"line":130,"column":45},"end":{"line":130,"column":77}},"type":"binary-expr","locations":[{"start":{"line":130,"column":45},"end":{"line":130,"column":59}},{"start":{"line":130,"column":63},"end":{"line":130,"column":77}}],"line":130},"7":{"loc":{"start":{"line":131,"column":47},"end":{"line":131,"column":80}},"type":"binary-expr","locations":[{"start":{"line":131,"column":47},"end":{"line":131,"column":62}},{"start":{"line":131,"column":66},"end":{"line":131,"column":80}}],"line":131},"8":{"loc":{"start":{"line":132,"column":44},"end":{"line":132,"column":82}},"type":"binary-expr","locations":[{"start":{"line":132,"column":44},"end":{"line":132,"column":64}},{"start":{"line":132,"column":68},"end":{"line":132,"column":82}}],"line":132}},"s":{"0":1,"1":1,"2":0,"3":0,"4":0,"5":0,"6":0,"7":1,"8":0,"9":0,"10":0,"11":0,"12":0,"13":1,"14":1,"15":1,"16":1,"17":1,"18":10,"19":9,"20":10,"21":10,"22":0,"23":1,"24":1,"25":0,"26":0,"27":0,"28":0,"29":0,"30":0,"31":0,"32":0,"33":0,"34":0,"35":1,"36":0,"37":0,"38":0,"39":0,"40":0,"41":0,"42":0,"43":0,"44":0,"45":1,"46":0,"47":0,"48":0,"49":0,"50":0,"51":0,"52":0,"53":0,"54":0,"55":0,"56":0,"57":0,"58":0,"59":0,"60":0,"61":0,"62":0,"63":0,"64":0,"65":0,"66":0,"67":0,"68":0,"69":0,"70":0},"f":{"0":0,"1":0,"2":0,"3":0,"4":0,"5":0,"6":0,"7":1,"8":10,"9":0,"10":0,"11":0,"12":0,"13":0,"14":0,"15":0,"16":0,"17":0,"18":0,"19":0,"20":0,"21":0},"b":{"0":[0,0],"1":[9,1],"2":[0,10],"3":[0,0],"4":[0,0],"5":[0,0],"6":[0,0],"7":[0,0],"8":[0,0]},"_coverageSchema":"1a1c01bbd47fc00a2c39e90264f33305004495a9","hash":"0cf7bb97cf57082386041fe8635d0267f556f288"}
,"C:\\Users\\Stephen\\Desktop\\JavaScript-Capstone\\JavaScript-Group-Capstone\\src\\fetchApi.js": {"path":"C:\\Users\\Stephen\\Desktop\\JavaScript-Capstone\\JavaScript-Group-Capstone\\src\\fetchApi.js","statementMap":{"0":{"start":{"line":3,"column":6},"end":{"line":3,"column":106}},"1":{"start":{"line":5,"column":22},"end":{"line":18,"column":5}},"2":{"start":{"line":6,"column":23},"end":{"line":14,"column":8}},"3":{"start":{"line":16,"column":19},"end":{"line":16,"column":40}},"4":{"start":{"line":17,"column":6},"end":{"line":17,"column":18}},"5":{"start":{"line":20,"column":22},"end":{"line":24,"column":5}},"6":{"start":{"line":21,"column":23},"end":{"line":21,"column":48}},"7":{"start":{"line":22,"column":19},"end":{"line":22,"column":40}},"8":{"start":{"line":23,"column":6},"end":{"line":23,"column":18}}},"fnMap":{"0":{"name":"(anonymous_0)","decl":{"start":{"line":5,"column":22},"end":{"line":5,"column":23}},"loc":{"start":{"line":5,"column":36},"end":{"line":18,"column":5}},"line":5},"1":{"name":"(anonymous_1)","decl":{"start":{"line":20,"column":22},"end":{"line":20,"column":23}},"loc":{"start":{"line":20,"column":34},"end":{"line":24,"column":5}},"line":20}},"branchMap":{},"s":{"0":1,"1":1,"2":0,"3":0,"4":0,"5":1,"6":0,"7":0,"8":0},"f":{"0":0,"1":0},"b":{},"_coverageSchema":"1a1c01bbd47fc00a2c39e90264f33305004495a9","hash":"38e75342ee247b0a58a8c01807a0e33831c2c0d6"}
}
